{"status":"error","message":"Internal Server Error (Debug Mode)","detail":"'pages/public/home.html' not found in search paths: '/var/task/api/templates', '/var/task/api/templates', '/var/task/api/templates', 'api/templates'","type":"TemplateNotFound","path":"/","method":"GET","traceback":"  + Exception Group Traceback (most recent call last):\n  |   File \"/var/task/_vendor/starlette/_utils.py\", line 81, in collapse_excgroups\n  |     yield\n  |   File \"/var/task/_vendor/starlette/middleware/base.py\", line 192, in __call__\n  |     async with anyio.create_task_group() as task_group:\n  |                ^^^^^^^^^^^^^^^^^^^^^^^^^\n  |   File \"/var/task/_vendor/anyio/_backends/_asyncio.py\", line 783, in __aexit__\n  |     raise BaseExceptionGroup(\n  | ExceptionGroup: unhandled errors in a TaskGroup (1 sub-exception)\n  +-+---------------- 1 ----------------\n    | Traceback (most recent call last):\n    |   File \"/var/task/_vendor/starlette/middleware/errors.py\", line 164, in __call__\n    |     await self.app(scope, receive, _send)\n    |   File \"/var/task/_vendor/starlette/middleware/base.py\", line 191, in __call__\n    |     with recv_stream, send_stream, collapse_excgroups():\n    |                                    ^^^^^^^^^^^^^^^^^^^^\n    |   File \"/var/lang/lib/python3.12/contextlib.py\", line 158, in __exit__\n    |     self.gen.throw(value)\n    |   File \"/var/task/_vendor/starlette/_utils.py\", line 87, in collapse_excgroups\n    |     raise exc\n    |   File \"/var/task/_vendor/starlette/middleware/base.py\", line 193, in __call__\n    |     response = await self.dispatch_func(request, call_next)\n    |                ^^^^^^^^^^^^^^^^^^^^^^^^^^^^^^^^^^^^^^^^^^^^\n    |   File \"/var/task/app/middleware/security.py\", line 31, in dispatch\n    |     response = await call_next(request)\n    |                ^^^^^^^^^^^^^^^^^^^^^^^^\n    |   File \"/var/task/_vendor/starlette/middleware/base.py\", line 168, in call_next\n    |     raise app_exc from app_exc.__cause__ or app_exc.__context__\n    |   File \"/var/task/_vendor/starlette/middleware/base.py\", line 144, in coro\n    |     await self.app(scope, receive_or_disconnect, send_no_error)\n    |   File \"/var/task/_vendor/starlette/middleware/base.py\", line 191, in __call__\n    |     with recv_stream, send_stream, collapse_excgroups():\n    |                                    ^^^^^^^^^^^^^^^^^^^^\n    |   File \"/var/lang/lib/python3.12/contextlib.py\", line 158, in __exit__\n    |     self.gen.throw(value)\n    |   File \"/var/task/_vendor/starlette/_utils.py\", line 87, in collapse_excgroups\n    |     raise exc\n    |   File \"/var/task/_vendor/starlette/middleware/base.py\", line 193, in __call__\n    |     response = await self.dispatch_func(request, call_next)\n    |                ^^^^^^^^^^^^^^^^^^^^^^^^^^^^^^^^^^^^^^^^^^^^\n    |   File \"/var/task/app/middleware/early_hints.py\", line 15, in dispatch\n    |     response = await call_next(request)\n    |                ^^^^^^^^^^^^^^^^^^^^^^^^\n    |   File \"/var/task/_vendor/starlette/middleware/base.py\", line 168, in call_next\n    |     raise app_exc from app_exc.__cause__ or app_exc.__context__\n    |   File \"/var/task/_vendor/starlette/middleware/base.py\", line 144, in coro\n    |     await self.app(scope, receive_or_disconnect, send_no_error)\n    |   File \"/var/task/_vendor/starlette/middleware/base.py\", line 191, in __call__\n    |     with recv_stream, send_stream, collapse_excgroups():\n    |                                    ^^^^^^^^^^^^^^^^^^^^\n    |   File \"/var/lang/lib/python3.12/contextlib.py\", line 158, in __exit__\n    |     self.gen.throw(value)\n    |   File \"/var/task/_vendor/starlette/_utils.py\", line 87, in collapse_excgroups\n    |     raise exc\n    |   File \"/var/task/_vendor/starlette/middleware/base.py\", line 193, in __call__\n    |     response = await self.dispatch_func(request, call_next)\n    |                ^^^^^^^^^^^^^^^^^^^^^^^^^^^^^^^^^^^^^^^^^^^^\n    |   File \"/var/task/app/middleware/identity.py\", line 25, in dispatch\n    |     response = await call_next(request)\n    |                ^^^^^^^^^^^^^^^^^^^^^^^^\n    |   File \"/var/task/_vendor/starlette/middleware/base.py\", line 168, in call_next\n    |     raise app_exc from app_exc.__cause__ or app_exc.__context__\n    |   File \"/var/task/_vendor/starlette/middleware/base.py\", line 144, in coro\n    |     await self.app(scope, receive_or_disconnect, send_no_error)\n    |   File \"/var/task/_vendor/starlette/middleware/cors.py\", line 87, in __call__\n    |     await self.app(scope, receive, send)\n    |   File \"/var/task/_vendor/uvicorn/middleware/proxy_headers.py\", line 60, in __call__\n    |     return await self.app(scope, receive, send)\n    |            ^^^^^^^^^^^^^^^^^^^^^^^^^^^^^^^^^^^^\n    |   File \"/var/task/_vendor/starlette/middleware/gzip.py\", line 29, in __call__\n    |     await responder(scope, receive, send)\n    |   File \"/var/task/_vendor/starlette/middleware/gzip.py\", line 130, in __call__\n    |     await super().__call__(scope, receive, send)\n    |   File \"/var/task/_vendor/starlette/middleware/gzip.py\", line 46, in __call__\n    |     await self.app(scope, receive, self.send_with_compression)\n    |   File \"/var/task/_vendor/starlette/middleware/exceptions.py\", line 63, in __call__\n    |     await wrap_app_handling_exceptions(self.app, conn)(scope, receive, send)\n    |   File \"/var/task/_vendor/starlette/_exception_handler.py\", line 53, in wrapped_app\n    |     raise exc\n    |   File \"/var/task/_vendor/starlette/_exception_handler.py\", line 42, in wrapped_app\n    |     await app(scope, receive, sender)\n    |   File \"/var/task/_vendor/fastapi/middleware/asyncexitstack.py\", line 18, in __call__\n    |     await self.app(scope, receive, send)\n    |   File \"/var/task/_vendor/starlette/routing.py\", line 716, in __call__\n    |     await self.middleware_stack(scope, receive, send)\n    |   File \"/var/task/_vendor/starlette/routing.py\", line 736, in app\n    |     await route.handle(scope, receive, send)\n    |   File \"/var/task/_vendor/starlette/routing.py\", line 290, in handle\n    |     await self.app(scope, receive, send)\n    |   File \"/var/task/_vendor/fastapi/routing.py\", line 121, in app\n    |     await wrap_app_handling_exceptions(app, request)(scope, receive, send)\n    |   File \"/var/task/_vendor/starlette/_exception_handler.py\", line 53, in wrapped_app\n    |     raise exc\n    |   File \"/var/task/_vendor/starlette/_exception_handler.py\", line 42, in wrapped_app\n    |     await app(scope, receive, sender)\n    |   File \"/var/task/_vendor/fastapi/routing.py\", line 107, in app\n    |     response = await f(request)\n    |                ^^^^^^^^^^^^^^^^\n    |   File \"/var/task/_vendor/fastapi/routing.py\", line 426, in app\n    |     raw_response = await run_endpoint_function(\n    |                    ^^^^^^^^^^^^^^^^^^^^^^^^^^^^\n    |   File \"/var/task/_vendor/fastapi/routing.py\", line 314, in run_endpoint_function\n    |     return await dependant.call(**values)\n    |            ^^^^^^^^^^^^^^^^^^^^^^^^^^^^^^\n    |   File \"/var/task/app/routes/pages.py\", line 147, in read_root\n    |     response = templates.TemplateResponse(\n    |                ^^^^^^^^^^^^^^^^^^^^^^^^^^^\n    |   File \"/var/task/_vendor/starlette/templating.py\", line 209, in TemplateResponse\n    |     template = self.get_template(name)\n    |                ^^^^^^^^^^^^^^^^^^^^^^^\n    |   File \"/var/task/_vendor/starlette/templating.py\", line 132, in get_template\n    |     return self.env.get_template(name)\n    |            ^^^^^^^^^^^^^^^^^^^^^^^^^^^\n    |   File \"/var/task/_vendor/jinja2/environment.py\", line 1016, in get_template\n    |     return self._load_template(name, globals)\n    |            ^^^^^^^^^^^^^^^^^^^^^^^^^^^^^^^^^^\n    |   File \"/var/task/_vendor/jinja2/environment.py\", line 975, in _load_template\n    |     template = self.loader.load(self, name, self.make_globals(globals))\n    |                ^^^^^^^^^^^^^^^^^^^^^^^^^^^^^^^^^^^^^^^^^^^^^^^^^^^^^^^^\n    |   File \"/var/task/_vendor/jinja2/loaders.py\", line 126, in load\n    |     source, filename, uptodate = self.get_source(environment, name)\n    |                                  ^^^^^^^^^^^^^^^^^^^^^^^^^^^^^^^^^^\n    |   File \"/var/task/_vendor/jinja2/loaders.py\", line 209, in get_source\n    |     raise TemplateNotFound(\n    | jinja2.exceptions.TemplateNotFound: 'pages/public/home.html' not found in search paths: '/var/task/api/templates', '/var/task/api/templates', '/var/task/api/templates', 'api/templates'\n    +------------------------------------\n\nThe above exception was the direct cause of the following exception:\n\nTraceback (most recent call last):\n  File \"/var/task/_vendor/starlette/middleware/errors.py\", line 164, in __call__\n    await self.app(scope, receive, _send)\n  File \"/var/task/_vendor/starlette/middleware/base.py\", line 191, in __call__\n    with recv_stream, send_stream, collapse_excgroups():\n                                   ^^^^^^^^^^^^^^^^^^^^\n  File \"/var/lang/lib/python3.12/contextlib.py\", line 158, in __exit__\n    self.gen.throw(value)\n  File \"/var/task/_vendor/starlette/_utils.py\", line 87, in collapse_excgroups\n    raise exc\n  File \"/var/task/_vendor/starlette/middleware/base.py\", line 193, in __call__\n    response = await self.dispatch_func(request, call_next)\n               ^^^^^^^^^^^^^^^^^^^^^^^^^^^^^^^^^^^^^^^^^^^^\n  File \"/var/task/app/middleware/security.py\", line 31, in dispatch\n    response = await call_next(request)\n               ^^^^^^^^^^^^^^^^^^^^^^^^\n  File \"/var/task/_vendor/starlette/middleware/base.py\", line 168, in call_next\n    raise app_exc from app_exc.__cause__ or app_exc.__context__\n  File \"/var/task/_vendor/starlette/middleware/base.py\", line 144, in coro\n    await self.app(scope, receive_or_disconnect, send_no_error)\n  File \"/var/task/_vendor/starlette/middleware/base.py\", line 191, in __call__\n    with recv_stream, send_stream, collapse_excgroups():\n                                   ^^^^^^^^^^^^^^^^^^^^\n  File \"/var/lang/lib/python3.12/contextlib.py\", line 158, in __exit__\n    self.gen.throw(value)\n  File \"/var/task/_vendor/starlette/_utils.py\", line 87, in collapse_excgroups\n    raise exc\n  File \"/var/task/_vendor/starlette/middleware/base.py\", line 193, in __call__\n    response = await self.dispatch_func(request, call_next)\n               ^^^^^^^^^^^^^^^^^^^^^^^^^^^^^^^^^^^^^^^^^^^^\n  File \"/var/task/app/middleware/early_hints.py\", line 15, in dispatch\n    response = await call_next(request)\n               ^^^^^^^^^^^^^^^^^^^^^^^^\n  File \"/var/task/_vendor/starlette/middleware/base.py\", line 168, in call_next\n    raise app_exc from app_exc.__cause__ or app_exc.__context__\n  File \"/var/task/_vendor/starlette/middleware/base.py\", line 144, in coro\n    await self.app(scope, receive_or_disconnect, send_no_error)\n  File \"/var/task/_vendor/starlette/middleware/base.py\", line 191, in __call__\n    with recv_stream, send_stream, collapse_excgroups():\n                                   ^^^^^^^^^^^^^^^^^^^^\n  File \"/var/lang/lib/python3.12/contextlib.py\", line 158, in __exit__\n    self.gen.throw(value)\n  File \"/var/task/_vendor/starlette/_utils.py\", line 87, in collapse_excgroups\n    raise exc\n  File \"/var/task/_vendor/starlette/middleware/base.py\", line 193, in __call__\n    response = await self.dispatch_func(request, call_next)\n               ^^^^^^^^^^^^^^^^^^^^^^^^^^^^^^^^^^^^^^^^^^^^\n  File \"/var/task/app/middleware/identity.py\", line 25, in dispatch\n    response = await call_next(request)\n               ^^^^^^^^^^^^^^^^^^^^^^^^\n  File \"/var/task/_vendor/starlette/middleware/base.py\", line 168, in call_next\n    raise app_exc from app_exc.__cause__ or app_exc.__context__\n  File \"/var/task/_vendor/starlette/middleware/base.py\", line 144, in coro\n    await self.app(scope, receive_or_disconnect, send_no_error)\n  File \"/var/task/_vendor/starlette/middleware/cors.py\", line 87, in __call__\n    await self.app(scope, receive, send)\n  File \"/var/task/_vendor/uvicorn/middleware/proxy_headers.py\", line 60, in __call__\n    return await self.app(scope, receive, send)\n           ^^^^^^^^^^^^^^^^^^^^^^^^^^^^^^^^^^^^\n  File \"/var/task/_vendor/starlette/middleware/gzip.py\", line 29, in __call__\n    await responder(scope, receive, send)\n  File \"/var/task/_vendor/starlette/middleware/gzip.py\", line 130, in __call__\n    await super().__call__(scope, receive, send)\n  File \"/var/task/_vendor/starlette/middleware/gzip.py\", line 46, in __call__\n    await self.app(scope, receive, self.send_with_compression)\n  File \"/var/task/_vendor/starlette/middleware/exceptions.py\", line 63, in __call__\n    await wrap_app_handling_exceptions(self.app, conn)(scope, receive, send)\n  File \"/var/task/_vendor/starlette/_exception_handler.py\", line 53, in wrapped_app\n    raise exc\n  File \"/var/task/_vendor/starlette/_exception_handler.py\", line 42, in wrapped_app\n    await app(scope, receive, sender)\n  File \"/var/task/_vendor/fastapi/middleware/asyncexitstack.py\", line 18, in __call__\n    await self.app(scope, receive, send)\n  File \"/var/task/_vendor/starlette/routing.py\", line 716, in __call__\n    await self.middleware_stack(scope, receive, send)\n  File \"/var/task/_vendor/starlette/routing.py\", line 736, in app\n    await route.handle(scope, receive, send)\n  File \"/var/task/_vendor/starlette/routing.py\", line 290, in handle\n    await self.app(scope, receive, send)\n  File \"/var/task/_vendor/fastapi/routing.py\", line 121, in app\n    await wrap_app_handling_exceptions(app, request)(scope, receive, send)\n  File \"/var/task/_vendor/starlette/_exception_handler.py\", line 53, in wrapped_app\n    raise exc\n  File \"/var/task/_vendor/starlette/_exception_handler.py\", line 42, in wrapped_app\n    await app(scope, receive, sender)\n  File \"/var/task/_vendor/fastapi/routing.py\", line 107, in app\n    response = await f(request)\n               ^^^^^^^^^^^^^^^^\n  File \"/var/task/_vendor/fastapi/routing.py\", line 426, in app\n    raw_response = await run_endpoint_function(\n                   ^^^^^^^^^^^^^^^^^^^^^^^^^^^^\n  File \"/var/task/_vendor/fastapi/routing.py\", line 314, in run_endpoint_function\n    return await dependant.call(**values)\n           ^^^^^^^^^^^^^^^^^^^^^^^^^^^^^^\n  File \"/var/task/app/routes/pages.py\", line 147, in read_root\n    response = templates.TemplateResponse(\n               ^^^^^^^^^^^^^^^^^^^^^^^^^^^\n  File \"/var/task/_vendor/starlette/templating.py\", line 209, in TemplateResponse\n    template = self.get_template(name)\n               ^^^^^^^^^^^^^^^^^^^^^^^\n  File \"/var/task/_vendor/starlette/templating.py\", line 132, in get_template\n    return self.env.get_template(name)\n           ^^^^^^^^^^^^^^^^^^^^^^^^^^^\n  File \"/var/task/_vendor/jinja2/environment.py\", line 1016, in get_template\n    return self._load_template(name, globals)\n           ^^^^^^^^^^^^^^^^^^^^^^^^^^^^^^^^^^\n  File \"/var/task/_vendor/jinja2/environment.py\", line 975, in _load_template\n    template = self.loader.load(self, name, self.make_globals(globals))\n               ^^^^^^^^^^^^^^^^^^^^^^^^^^^^^^^^^^^^^^^^^^^^^^^^^^^^^^^^\n  File \"/var/task/_vendor/jinja2/loaders.py\", line 126, in load\n    source, filename, uptodate = self.get_source(environment, name)\n                                 ^^^^^^^^^^^^^^^^^^^^^^^^^^^^^^^^^^\n  File \"/var/task/_vendor/jinja2/loaders.py\", line 209, in get_source\n    raise TemplateNotFound(\njinja2.exceptions.TemplateNotFound: 'pages/public/home.html' not found in search paths: '/var/task/api/templates', '/var/task/api/templates', '/var/task/api/templates', 'api/templates'\n"}
