============================= test session starts =============================
platform win32 -- Python 3.13.1, pytest-9.0.2, pluggy-1.6.0
rootdir: C:\Users\acord\OneDrive\Desktop\paginas web\Paginas web y tracking\Web y tracking-supabase Jorge
plugins: anyio-4.12.1, hypothesis-6.151.5, asyncio-1.3.0, mock-3.15.1
asyncio: mode=Mode.STRICT, debug=False, asyncio_default_fixture_loop_scope=None, asyncio_default_test_loop_scope=function
collected 96 items

tests\test_synchronicity.py ...                                          [  3%]
tests\test_architecture_audit.py ....................................... [ 43%]
......................................................                   [100%]

============================= 96 passed in 4.07s ==============================
